2022-09-27:17:58:40,15 INFO     [psi4.driver.task_planner:266] PLANNING Atomic:  keywords={'SCF__INTS_TOLERANCE': 1e-12, 'function_kwargs': {}}
2022-09-27:17:58:40,20 INFO     [psi4.driver.driver:499] Compute energy(): method=scf, basis=cc-pvdz, molecule=default, nre=416.91814434615196
2022-09-27:17:58:42,635 INFO     [psi4.driver.driver:502] Return energy(): -434.2111965382162
2022-09-27:18:00:41,284 INFO     [psi4.driver.task_planner:266] PLANNING Atomic:  keywords={'SCF__INTS_TOLERANCE': 1e-12, 'function_kwargs': {}}
2022-09-27:18:00:41,289 INFO     [psi4.driver.driver:499] Compute energy(): method=scf, basis=cc-pvdz, molecule=default, nre=416.91814434615196
2022-09-27:18:00:44,40 INFO     [psi4.driver.driver:502] Return energy(): -434.2111965382162
2022-09-27:18:04:00,359 INFO     [psi4.driver.task_planner:266] PLANNING Atomic:  keywords={'GEOM_MAXITER': 100, 'SCF__INTS_TOLERANCE': 1e-12, 'SCF__MAXITER': 500, 'function_kwargs': {}}
2022-09-27:18:04:00,364 INFO     [psi4.driver.driver:499] Compute energy(): method=scf, basis=cc-pvdz, molecule=default, nre=416.91814434615196
2022-09-27:18:04:03,128 INFO     [psi4.driver.driver:502] Return energy(): -434.2111965382161
2022-09-27:18:04:03,161 INFO     [psi4.driver.task_planner:266] PLANNING Atomic:  keywords={'GEOM_MAXITER': 100, 'SCF__INTS_TOLERANCE': 1e-12, 'SCF__MAXITER': 500, 'function_kwargs': {}}
2022-09-27:18:04:03,164 INFO     [psi4.driver.driver:617] Compute gradient(): method=scf, basis=cc-pvdz, molecule=default, nre=416.91814434615196
2022-09-27:18:04:08,252 INFO     [psi4.driver.driver:620] Return gradient(): -434.2111965452993
2022-09-27:18:04:08,253 INFO     [psi4.driver.driver:621] [[-0.00008577 -0.00003108  0.00001755]
 [ 0.00009112 -0.00004244 -0.00000575]
 [ 0.00000311  0.0000733   0.00003295]
 [-0.00007755 -0.00001482 -0.00001308]
 [ 0.00006182 -0.00002813 -0.00000926]
 [-0.00001074  0.00002084  0.00001392]
 [ 0.00015159  0.00005741 -0.00013155]
 [ 0.00000268 -0.00002677  0.00005042]
 [-0.00013316 -0.00001122  0.00004415]
 [-0.00000614  0.00001154  0.0000055 ]
 [-0.00001985 -0.00001298 -0.0000089 ]
 [ 0.00000744  0.00000228  0.00000157]
 [ 0.00001181  0.0000055   0.00000308]
 [ 0.00000363 -0.00000344 -0.00000059]]
2022-09-27:18:04:08,311 INFO     [psi4.driver.task_planner:266] PLANNING Atomic:  keywords={'CART_HESS_READ': 0, 'GEOM_MAXITER': 100, 'SCF__GUESS': 'READ', 'SCF__INTS_TOLERANCE': 1e-12, 'SCF__MAXITER': 500, 'function_kwargs': {}}
2022-09-27:18:04:08,314 INFO     [psi4.driver.driver:617] Compute gradient(): method=scf, basis=cc-pvdz, molecule=default, nre=416.9127054041784
2022-09-27:18:04:12,869 INFO     [psi4.driver.driver:620] Return gradient(): -434.21110711061453
2022-09-27:18:04:12,870 INFO     [psi4.driver.driver:621] [[ 0.00009828  0.00072991 -0.00154542]
 [ 0.00006038  0.00006614 -0.00018607]
 [-0.00000314 -0.0000003   0.00009147]
 [-0.00002957 -0.00000992 -0.00002672]
 [ 0.00001935 -0.00005373  0.00006832]
 [ 0.00002369  0.00012607 -0.00016118]
 [-0.00049411 -0.00317263  0.00631731]
 [ 0.00026765  0.00121917 -0.00223599]
 [ 0.00006247  0.00110158 -0.0023127 ]
 [-0.0000046   0.00000446 -0.00001486]
 [ 0.00000218 -0.00001185  0.00001095]
 [ 0.00000406  0.00000052 -0.00000449]
 [-0.00000271 -0.00000774  0.0000124 ]
 [-0.00000392  0.00000831 -0.00001302]]
2022-09-27:18:04:12,914 INFO     [psi4.driver.task_planner:266] PLANNING Atomic:  keywords={'CART_HESS_READ': 0, 'GEOM_MAXITER': 100, 'SCF__GUESS': 'READ', 'SCF__INTS_TOLERANCE': 1e-12, 'SCF__MAXITER': 500, 'function_kwargs': {}}
2022-09-27:18:04:12,917 INFO     [psi4.driver.driver:617] Compute gradient(): method=scf, basis=cc-pvdz, molecule=default, nre=416.9076632645022
2022-09-27:18:04:17,397 INFO     [psi4.driver.driver:620] Return gradient(): -434.21119655243064
2022-09-27:18:04:17,398 INFO     [psi4.driver.driver:621] [[-0.00003047 -0.00003734 -0.00002193]
 [ 0.00003958 -0.00001981 -0.00000604]
 [ 0.00000239  0.00003263  0.00001618]
 [-0.00002962 -0.00001714 -0.00001324]
 [ 0.00002858 -0.0000178  -0.00000485]
 [ 0.00000709  0.00004081  0.00001935]
 [ 0.00017768 -0.00020668 -0.00007082]
 [ 0.00006379  0.00020578  0.00010054]
 [-0.00025501  0.00003021 -0.00001471]
 [-0.00000546 -0.00000308 -0.00000218]
 [ 0.00000368 -0.0000054  -0.00000178]
 [ 0.0000035  -0.00000169  0.00000019]
 [-0.0000017  -0.00000157 -0.00000058]
 [-0.00000403  0.00000107 -0.00000011]]
2022-09-27:18:16:23,717 INFO     [psi4.driver.task_planner:266] PLANNING Atomic:  keywords={'GEOM_MAXITER': 100, 'SCF__INTS_TOLERANCE': 1e-12, 'SCF__MAXITER': 500, 'function_kwargs': {}}
2022-09-27:18:16:23,726 INFO     [psi4.driver.driver:499] Compute energy(): method=scf, basis=cc-pvdz, molecule=default, nre=416.91814434615196
2022-09-27:18:16:26,631 INFO     [psi4.driver.driver:502] Return energy(): -434.21119653821614
2022-09-27:18:16:26,669 INFO     [psi4.driver.task_planner:266] PLANNING Atomic:  keywords={'GEOM_MAXITER': 100, 'SCF__INTS_TOLERANCE': 1e-12, 'SCF__MAXITER': 500, 'function_kwargs': {}}
2022-09-27:18:16:26,673 INFO     [psi4.driver.driver:617] Compute gradient(): method=scf, basis=cc-pvdz, molecule=default, nre=416.91814434615196
2022-09-27:18:16:32,460 INFO     [psi4.driver.driver:620] Return gradient(): -434.2111965452992
2022-09-27:18:16:32,461 INFO     [psi4.driver.driver:621] [[-0.00008577 -0.00003108  0.00001755]
 [ 0.00009112 -0.00004244 -0.00000575]
 [ 0.00000311  0.0000733   0.00003295]
 [-0.00007755 -0.00001482 -0.00001308]
 [ 0.00006182 -0.00002813 -0.00000926]
 [-0.00001074  0.00002084  0.00001392]
 [ 0.00015159  0.00005741 -0.00013155]
 [ 0.00000268 -0.00002677  0.00005042]
 [-0.00013316 -0.00001122  0.00004415]
 [-0.00000614  0.00001154  0.0000055 ]
 [-0.00001985 -0.00001298 -0.0000089 ]
 [ 0.00000744  0.00000228  0.00000157]
 [ 0.00001181  0.0000055   0.00000308]
 [ 0.00000363 -0.00000344 -0.00000059]]
2022-09-27:18:16:32,532 INFO     [psi4.driver.task_planner:266] PLANNING Atomic:  keywords={'CART_HESS_READ': 0, 'GEOM_MAXITER': 100, 'SCF__GUESS': 'READ', 'SCF__INTS_TOLERANCE': 1e-12, 'SCF__MAXITER': 500, 'function_kwargs': {}}
2022-09-27:18:16:32,536 INFO     [psi4.driver.driver:617] Compute gradient(): method=scf, basis=cc-pvdz, molecule=default, nre=416.912705052049
2022-09-27:18:16:37,690 INFO     [psi4.driver.driver:620] Return gradient(): -434.2111071109864
2022-09-27:18:16:37,691 INFO     [psi4.driver.driver:621] [[ 0.00009828  0.00072991 -0.00154542]
 [ 0.00006039  0.00006613 -0.00018607]
 [-0.00000314 -0.0000003   0.00009147]
 [-0.00002957 -0.00000991 -0.00002672]
 [ 0.00001935 -0.00005373  0.00006832]
 [ 0.00002369  0.00012606 -0.00016119]
 [-0.00049411 -0.00317262  0.00631731]
 [ 0.00026765  0.00121917 -0.00223599]
 [ 0.00006247  0.00110158 -0.0023127 ]
 [-0.00000461  0.00000446 -0.00001486]
 [ 0.00000217 -0.00001185  0.00001095]
 [ 0.00000405  0.00000053 -0.00000449]
 [-0.00000271 -0.00000773  0.0000124 ]
 [-0.00000392  0.00000831 -0.00001302]]
2022-09-27:18:16:37,741 INFO     [psi4.driver.task_planner:266] PLANNING Atomic:  keywords={'CART_HESS_READ': 0, 'GEOM_MAXITER': 100, 'SCF__GUESS': 'READ', 'SCF__INTS_TOLERANCE': 1e-12, 'SCF__MAXITER': 500, 'function_kwargs': {}}
2022-09-27:18:16:37,745 INFO     [psi4.driver.driver:617] Compute gradient(): method=scf, basis=cc-pvdz, molecule=default, nre=416.90766288750456
2022-09-27:18:16:43,60 INFO     [psi4.driver.driver:620] Return gradient(): -434.21119655285355
2022-09-27:18:16:43,64 INFO     [psi4.driver.driver:621] [[-0.00003047 -0.00003734 -0.00002193]
 [ 0.00003959 -0.00001982 -0.00000604]
 [ 0.00000239  0.00003263  0.00001618]
 [-0.00002962 -0.00001714 -0.00001324]
 [ 0.00002858 -0.0000178  -0.00000485]
 [ 0.00000709  0.00004081  0.00001935]
 [ 0.00017768 -0.00020668 -0.00007082]
 [ 0.00006379  0.00020578  0.00010054]
 [-0.00025501  0.00003021 -0.00001471]
 [-0.00000546 -0.00000308 -0.00000218]
 [ 0.00000367 -0.0000054  -0.00000178]
 [ 0.0000035  -0.00000169  0.00000019]
 [-0.0000017  -0.00000157 -0.00000058]
 [-0.00000403  0.00000107 -0.00000011]]
2022-09-27:18:17:19,807 INFO     [psi4.driver.task_planner:266] PLANNING Atomic:  keywords={'GEOM_MAXITER': 100, 'SCF__INTS_TOLERANCE': 1e-12, 'SCF__MAXITER': 500, 'function_kwargs': {}}
2022-09-27:18:17:19,815 INFO     [psi4.driver.driver:499] Compute energy(): method=scf, basis=cc-pvdz, molecule=default, nre=416.91814434615196
2022-09-27:18:17:22,626 INFO     [psi4.driver.driver:502] Return energy(): -434.21119653821546
2022-09-27:18:17:22,665 INFO     [psi4.driver.task_planner:266] PLANNING Atomic:  keywords={'GEOM_MAXITER': 100, 'SCF__INTS_TOLERANCE': 1e-12, 'SCF__MAXITER': 500, 'function_kwargs': {}}
2022-09-27:18:17:22,668 INFO     [psi4.driver.driver:617] Compute gradient(): method=scf, basis=cc-pvdz, molecule=default, nre=416.91814434615196
2022-09-27:18:17:29,53 INFO     [psi4.driver.driver:620] Return gradient(): -434.2111965452992
2022-09-27:18:17:29,54 INFO     [psi4.driver.driver:621] [[-0.00008577 -0.00003108  0.00001755]
 [ 0.00009112 -0.00004244 -0.00000575]
 [ 0.00000311  0.0000733   0.00003295]
 [-0.00007755 -0.00001482 -0.00001308]
 [ 0.00006182 -0.00002812 -0.00000926]
 [-0.00001074  0.00002084  0.00001392]
 [ 0.00015159  0.00005741 -0.00013155]
 [ 0.00000268 -0.00002677  0.00005042]
 [-0.00013315 -0.00001122  0.00004415]
 [-0.00000614  0.00001154  0.0000055 ]
 [-0.00001985 -0.00001298 -0.0000089 ]
 [ 0.00000744  0.00000228  0.00000157]
 [ 0.00001181  0.0000055   0.00000308]
 [ 0.00000363 -0.00000344 -0.00000059]]
2022-09-27:18:17:29,156 INFO     [psi4.driver.task_planner:266] PLANNING Atomic:  keywords={'CART_HESS_READ': 0, 'GEOM_MAXITER': 100, 'SCF__GUESS': 'READ', 'SCF__INTS_TOLERANCE': 1e-12, 'SCF__MAXITER': 500, 'function_kwargs': {}}
2022-09-27:18:17:29,163 INFO     [psi4.driver.driver:617] Compute gradient(): method=scf, basis=cc-pvdz, molecule=default, nre=416.9127047608917
2022-09-27:18:17:34,387 INFO     [psi4.driver.driver:620] Return gradient(): -434.2111071111383
2022-09-27:18:17:34,389 INFO     [psi4.driver.driver:621] [[ 0.00009828  0.00072991 -0.00154542]
 [ 0.00006037  0.00006614 -0.00018607]
 [-0.00000314 -0.00000031  0.00009146]
 [-0.00002957 -0.00000992 -0.00002672]
 [ 0.00001936 -0.00005373  0.00006832]
 [ 0.00002369  0.00012607 -0.00016118]
 [-0.00049411 -0.00317262  0.00631731]
 [ 0.00026765  0.00121917 -0.00223599]
 [ 0.00006247  0.00110158 -0.0023127 ]
 [-0.0000046   0.00000446 -0.00001486]
 [ 0.00000218 -0.00001185  0.00001095]
 [ 0.00000405  0.00000053 -0.00000449]
 [-0.00000271 -0.00000773  0.0000124 ]
 [-0.00000392  0.00000831 -0.00001302]]
2022-09-27:18:17:34,437 INFO     [psi4.driver.task_planner:266] PLANNING Atomic:  keywords={'CART_HESS_READ': 0, 'GEOM_MAXITER': 100, 'SCF__GUESS': 'READ', 'SCF__INTS_TOLERANCE': 1e-12, 'SCF__MAXITER': 500, 'function_kwargs': {}}
2022-09-27:18:17:34,441 INFO     [psi4.driver.driver:617] Compute gradient(): method=scf, basis=cc-pvdz, molecule=default, nre=416.9076625880423
2022-09-27:18:17:39,209 INFO     [psi4.driver.driver:620] Return gradient(): -434.2111965527388
2022-09-27:18:17:39,210 INFO     [psi4.driver.driver:621] [[-0.00003048 -0.00003733 -0.00002193]
 [ 0.00003959 -0.00001981 -0.00000604]
 [ 0.00000239  0.00003263  0.00001618]
 [-0.00002962 -0.00001714 -0.00001324]
 [ 0.00002858 -0.0000178  -0.00000485]
 [ 0.00000709  0.00004081  0.00001935]
 [ 0.00017768 -0.00020668 -0.00007082]
 [ 0.0000638   0.00020579  0.00010054]
 [-0.00025502  0.00003021 -0.00001472]
 [-0.00000545 -0.00000306 -0.00000218]
 [ 0.00000369 -0.0000054  -0.00000178]
 [ 0.0000035  -0.0000017   0.00000019]
 [-0.0000017  -0.00000158 -0.00000058]
 [-0.00000404  0.00000107 -0.00000011]]
2022-09-27:18:21:49,548 INFO     [psi4.driver.task_planner:266] PLANNING Atomic:  keywords={'GEOM_MAXITER': 100, 'SCF__INTS_TOLERANCE': 1e-12, 'SCF__MAXITER': 500, 'function_kwargs': {}}
2022-09-27:18:21:49,559 INFO     [psi4.driver.driver:499] Compute energy(): method=scf, basis=cc-pvdz, molecule=default, nre=416.91814434615196
2022-09-27:18:21:52,192 INFO     [psi4.driver.driver:502] Return energy(): -434.2111965382159
2022-09-27:18:21:52,226 INFO     [psi4.driver.task_planner:266] PLANNING Atomic:  keywords={'GEOM_MAXITER': 100, 'SCF__INTS_TOLERANCE': 1e-12, 'SCF__MAXITER': 500, 'function_kwargs': {}}
2022-09-27:18:21:52,229 INFO     [psi4.driver.driver:617] Compute gradient(): method=scf, basis=cc-pvdz, molecule=default, nre=416.91814434615196
2022-09-27:18:21:57,672 INFO     [psi4.driver.driver:620] Return gradient(): -434.2111965452995
2022-09-27:18:21:57,673 INFO     [psi4.driver.driver:621] [[-0.00008577 -0.00003108  0.00001755]
 [ 0.00009112 -0.00004244 -0.00000575]
 [ 0.00000311  0.0000733   0.00003295]
 [-0.00007755 -0.00001482 -0.00001308]
 [ 0.00006182 -0.00002812 -0.00000926]
 [-0.00001074  0.00002085  0.00001392]
 [ 0.00015159  0.00005741 -0.00013155]
 [ 0.00000268 -0.00002677  0.00005042]
 [-0.00013315 -0.00001122  0.00004415]
 [-0.00000614  0.00001153  0.0000055 ]
 [-0.00001985 -0.00001298 -0.0000089 ]
 [ 0.00000744  0.00000228  0.00000157]
 [ 0.00001181  0.0000055   0.00000308]
 [ 0.00000363 -0.00000344 -0.00000059]]
2022-09-27:18:21:57,747 INFO     [psi4.driver.task_planner:266] PLANNING Atomic:  keywords={'CART_HESS_READ': 0, 'GEOM_MAXITER': 100, 'SCF__GUESS': 'READ', 'SCF__INTS_TOLERANCE': 1e-12, 'SCF__MAXITER': 500, 'function_kwargs': {}}
2022-09-27:18:21:57,751 INFO     [psi4.driver.driver:617] Compute gradient(): method=scf, basis=cc-pvdz, molecule=default, nre=416.91270430967546
2022-09-27:18:22:02,735 INFO     [psi4.driver.driver:620] Return gradient(): -434.2111071107246
2022-09-27:18:22:02,736 INFO     [psi4.driver.driver:621] [[ 0.00009828  0.00072991 -0.00154542]
 [ 0.00006038  0.00006614 -0.00018607]
 [-0.00000314 -0.00000031  0.00009147]
 [-0.00002956 -0.00000992 -0.00002672]
 [ 0.00001935 -0.00005373  0.00006832]
 [ 0.00002369  0.00012607 -0.00016118]
 [-0.00049411 -0.00317263  0.00631732]
 [ 0.00026765  0.00121917 -0.00223599]
 [ 0.00006247  0.00110158 -0.0023127 ]
 [-0.0000046   0.00000447 -0.00001486]
 [ 0.00000218 -0.00001185  0.00001095]
 [ 0.00000405  0.00000052 -0.00000449]
 [-0.00000271 -0.00000773  0.0000124 ]
 [-0.00000392  0.00000831 -0.00001302]]
2022-09-27:18:22:02,783 INFO     [psi4.driver.task_planner:266] PLANNING Atomic:  keywords={'CART_HESS_READ': 0, 'GEOM_MAXITER': 100, 'SCF__GUESS': 'READ', 'SCF__INTS_TOLERANCE': 1e-12, 'SCF__MAXITER': 500, 'function_kwargs': {}}
2022-09-27:18:22:02,786 INFO     [psi4.driver.driver:617] Compute gradient(): method=scf, basis=cc-pvdz, molecule=default, nre=416.9076621530601
2022-09-27:18:22:07,405 INFO     [psi4.driver.driver:620] Return gradient(): -434.2111965529424
2022-09-27:18:22:07,406 INFO     [psi4.driver.driver:621] [[-0.00003047 -0.00003734 -0.00002193]
 [ 0.00003959 -0.00001981 -0.00000604]
 [ 0.00000239  0.00003263  0.00001618]
 [-0.00002962 -0.00001714 -0.00001324]
 [ 0.00002858 -0.0000178  -0.00000485]
 [ 0.00000709  0.00004081  0.00001935]
 [ 0.00017768 -0.00020668 -0.00007082]
 [ 0.0000638   0.00020579  0.00010054]
 [-0.00025502  0.00003021 -0.00001471]
 [-0.00000545 -0.00000307 -0.00000218]
 [ 0.00000368 -0.0000054  -0.00000178]
 [ 0.0000035  -0.0000017   0.00000019]
 [-0.0000017  -0.00000158 -0.00000058]
 [-0.00000404  0.00000107 -0.00000011]]
2022-09-27:18:26:52,180 INFO     [psi4.driver.task_planner:266] PLANNING Atomic:  keywords={'GEOM_MAXITER': 100, 'SCF__INTS_TOLERANCE': 1e-12, 'SCF__MAXITER': 500, 'function_kwargs': {}}
2022-09-27:18:26:52,187 INFO     [psi4.driver.driver:499] Compute energy(): method=scf, basis=cc-pvdz, molecule=default, nre=416.91814434615196
2022-09-27:18:26:55,176 INFO     [psi4.driver.driver:502] Return energy(): -434.2111965382162
2022-09-27:18:26:55,235 INFO     [psi4.driver.task_planner:266] PLANNING Atomic:  keywords={'GEOM_MAXITER': 100, 'SCF__INTS_TOLERANCE': 1e-12, 'SCF__MAXITER': 500, 'function_kwargs': {}}
2022-09-27:18:26:55,239 INFO     [psi4.driver.driver:617] Compute gradient(): method=scf, basis=cc-pvdz, molecule=default, nre=416.91814434615196
2022-09-27:18:27:01,217 INFO     [psi4.driver.driver:620] Return gradient(): -434.2111965452996
2022-09-27:18:27:01,218 INFO     [psi4.driver.driver:621] [[-0.00008577 -0.00003108  0.00001755]
 [ 0.00009112 -0.00004244 -0.00000575]
 [ 0.00000311  0.0000733   0.00003295]
 [-0.00007755 -0.00001482 -0.00001308]
 [ 0.00006182 -0.00002813 -0.00000926]
 [-0.00001074  0.00002084  0.00001392]
 [ 0.00015159  0.00005741 -0.00013155]
 [ 0.00000268 -0.00002677  0.00005042]
 [-0.00013316 -0.00001122  0.00004415]
 [-0.00000614  0.00001154  0.0000055 ]
 [-0.00001985 -0.00001298 -0.0000089 ]
 [ 0.00000744  0.00000228  0.00000157]
 [ 0.00001181  0.0000055   0.00000308]
 [ 0.00000363 -0.00000344 -0.00000059]]
2022-09-27:18:27:01,279 INFO     [psi4.driver.task_planner:266] PLANNING Atomic:  keywords={'CART_HESS_READ': 0, 'GEOM_MAXITER': 100, 'SCF__GUESS': 'READ', 'SCF__INTS_TOLERANCE': 1e-12, 'SCF__MAXITER': 500, 'function_kwargs': {}}
2022-09-27:18:27:01,283 INFO     [psi4.driver.driver:617] Compute gradient(): method=scf, basis=cc-pvdz, molecule=default, nre=416.91270470112846
2022-09-27:18:27:06,76 INFO     [psi4.driver.driver:620] Return gradient(): -434.21110711114056
2022-09-27:18:27:06,77 INFO     [psi4.driver.driver:621] [[ 0.00009829  0.00072991 -0.00154542]
 [ 0.00006037  0.00006614 -0.00018607]
 [-0.00000314 -0.0000003   0.00009147]
 [-0.00002957 -0.00000992 -0.00002672]
 [ 0.00001935 -0.00005373  0.00006832]
 [ 0.00002369  0.00012607 -0.00016118]
 [-0.00049411 -0.00317263  0.00631732]
 [ 0.00026765  0.00121917 -0.00223599]
 [ 0.00006247  0.00110158 -0.0023127 ]
 [-0.0000046   0.00000446 -0.00001486]
 [ 0.00000218 -0.00001185  0.00001095]
 [ 0.00000406  0.00000052 -0.00000449]
 [-0.00000271 -0.00000774  0.0000124 ]
 [-0.00000392  0.00000831 -0.00001302]]
2022-09-27:18:27:06,130 INFO     [psi4.driver.task_planner:266] PLANNING Atomic:  keywords={'CART_HESS_READ': 0, 'GEOM_MAXITER': 100, 'SCF__GUESS': 'READ', 'SCF__INTS_TOLERANCE': 1e-12, 'SCF__MAXITER': 500, 'function_kwargs': {}}
2022-09-27:18:27:06,133 INFO     [psi4.driver.driver:617] Compute gradient(): method=scf, basis=cc-pvdz, molecule=default, nre=416.90766254254663
2022-09-27:18:27:11,88 INFO     [psi4.driver.driver:620] Return gradient(): -434.21119655238266
2022-09-27:18:27:11,89 INFO     [psi4.driver.driver:621] [[-0.00003047 -0.00003734 -0.00002193]
 [ 0.00003959 -0.00001981 -0.00000604]
 [ 0.00000239  0.00003263  0.00001618]
 [-0.00002962 -0.00001714 -0.00001324]
 [ 0.00002858 -0.0000178  -0.00000485]
 [ 0.00000709  0.00004081  0.00001935]
 [ 0.00017768 -0.00020668 -0.00007082]
 [ 0.00006379  0.00020578  0.00010054]
 [-0.00025502  0.00003021 -0.00001471]
 [-0.00000546 -0.00000308 -0.00000218]
 [ 0.00000368 -0.0000054  -0.00000178]
 [ 0.0000035  -0.00000169  0.00000019]
 [-0.0000017  -0.00000158 -0.00000058]
 [-0.00000404  0.00000107 -0.00000011]]
