2022-09-27:17:47:14,260 INFO     [psi4.driver.task_planner:266] PLANNING Atomic:  keywords={'SCF__INTS_TOLERANCE': 1e-12, 'function_kwargs': {}}
2022-09-27:17:47:14,267 INFO     [psi4.driver.driver:617] Compute gradient(): method=scf, basis=cc-pvdz, molecule=default, nre=224.9105278769738
2022-09-27:17:47:17,373 INFO     [psi4.driver.driver:620] Return gradient(): -230.47781611792925
2022-09-27:17:47:17,374 INFO     [psi4.driver.driver:621] [[ 0.02152642  0.00240604  0.00331074]
 [ 0.19139202 -0.32505085 -0.13457942]
 [-0.29970338  0.17568104  0.05295043]
 [-0.09369205  0.16140296  0.06695958]
 [-0.04567397  0.31728867  0.14559469]
 [ 0.22969779 -0.33584601 -0.13582785]
 [ 0.02420258 -0.03300791 -0.01318556]
 [-0.01757983 -0.03660753 -0.01910147]
 [-0.0502548   0.00591092 -0.00226848]
 [-0.02462153  0.0350097   0.01409109]
 [ 0.01853405  0.03954473  0.02058846]
 [ 0.04617272 -0.00673177  0.00146778]]
2022-09-27:17:47:17,432 INFO     [psi4.driver.task_planner:266] PLANNING Atomic:  keywords={'CART_HESS_READ': 0, 'SCF__GUESS': 'READ', 'SCF__INTS_TOLERANCE': 1e-12, 'function_kwargs': {}}
2022-09-27:17:47:17,434 INFO     [psi4.driver.driver:617] Compute gradient(): method=scf, basis=cc-pvdz, molecule=default, nre=210.7907079440279
2022-09-27:17:47:20,409 INFO     [psi4.driver.driver:620] Return gradient(): -230.69505429250233
2022-09-27:17:47:20,410 INFO     [psi4.driver.driver:621] [[-0.00566019  0.01963105  0.00872359]
 [ 0.06701611 -0.07386688 -0.02821271]
 [-0.08710296  0.03802099  0.00921902]
 [-0.0129317   0.03251074  0.01408467]
 [-0.00855223  0.08099196  0.03747882]
 [ 0.04642821 -0.09630826 -0.04091058]
 [ 0.00968934 -0.01368583 -0.00550194]
 [-0.0086573  -0.01374335 -0.00737848]
 [-0.01720893  0.00016883 -0.00165514]
 [-0.00902906  0.01319952  0.00533833]
 [ 0.00834795  0.01361029  0.00728465]
 [ 0.01766076 -0.00052906  0.00152976]]
2022-09-27:17:47:20,462 INFO     [psi4.driver.task_planner:266] PLANNING Atomic:  keywords={'CART_HESS_READ': 0, 'SCF__GUESS': 'READ', 'SCF__INTS_TOLERANCE': 1e-12, 'function_kwargs': {}}
2022-09-27:17:47:20,465 INFO     [psi4.driver.driver:617] Compute gradient(): method=scf, basis=cc-pvdz, molecule=default, nre=206.74431189107773
2022-09-27:17:47:23,332 INFO     [psi4.driver.driver:620] Return gradient(): -230.71770047829222
2022-09-27:17:47:23,332 INFO     [psi4.driver.driver:621] [[ 0.0001381   0.00199186  0.00095759]
 [ 0.02487387 -0.03304831 -0.01313792]
 [-0.03362347  0.01944914  0.00581838]
 [-0.00453346  0.01349785  0.00593154]
 [-0.01018514  0.03691974  0.01645078]
 [ 0.02365609 -0.0393563  -0.01624598]
 [ 0.00116356 -0.00229536 -0.00096942]
 [-0.00079539 -0.00204723 -0.00104918]
 [-0.00156323  0.00064974  0.00014988]
 [-0.00151475  0.00258196  0.00106962]
 [ 0.00011141  0.00187221  0.00089766]
 [ 0.00227243 -0.00021531  0.00012703]]
2022-09-27:17:47:23,374 INFO     [psi4.driver.task_planner:266] PLANNING Atomic:  keywords={'CART_HESS_READ': 0, 'SCF__GUESS': 'READ', 'SCF__INTS_TOLERANCE': 1e-12, 'function_kwargs': {}}
2022-09-27:17:47:23,376 INFO     [psi4.driver.driver:617] Compute gradient(): method=scf, basis=cc-pvdz, molecule=default, nre=205.32677791132272
2022-09-27:17:47:26,174 INFO     [psi4.driver.driver:620] Return gradient(): -230.72109881896785
2022-09-27:17:47:26,174 INFO     [psi4.driver.driver:621] [[ 0.00055863  0.00034146  0.00021816]
 [ 0.00952961 -0.01518598 -0.00622837]
 [-0.01350002  0.01056915  0.00364264]
 [-0.00066838  0.00435764  0.00199512]
 [-0.00798812  0.01735711  0.00741134]
 [ 0.01221272 -0.01759478 -0.00709792]
 [ 0.00019356 -0.00034609 -0.00014437]
 [-0.0001964  -0.00023576 -0.00013134]
 [-0.00038157  0.00007111 -0.00000485]
 [-0.00027468  0.00037479  0.00014975]
 [ 0.00015893  0.00024598  0.00013254]
 [ 0.00035573  0.00004537  0.00005729]]
2022-09-27:17:47:26,234 INFO     [psi4.driver.task_planner:266] PLANNING Atomic:  keywords={'CART_HESS_READ': 0, 'SCF__GUESS': 'READ', 'SCF__INTS_TOLERANCE': 1e-12, 'function_kwargs': {}}
2022-09-27:17:47:26,239 INFO     [psi4.driver.driver:617] Compute gradient(): method=scf, basis=cc-pvdz, molecule=default, nre=204.48099750354962
2022-09-27:17:47:29,123 INFO     [psi4.driver.driver:620] Return gradient(): -230.7218676879275
2022-09-27:17:47:29,124 INFO     [psi4.driver.driver:621] [[ 0.00028547  0.00016923  0.00010901]
 [ 0.00180199 -0.00357384 -0.00151019]
 [-0.00212875  0.00389084  0.00162724]
 [ 0.00124105 -0.00051042 -0.00011654]
 [-0.00482615  0.00509239  0.00192422]
 [ 0.00361808 -0.00503529 -0.002019  ]
 [-0.00000238  0.00008878  0.0000418 ]
 [ 0.00002256  0.00020995  0.00010167]
 [-0.00005862 -0.00012249 -0.00006389]
 [ 0.00003051 -0.00014706 -0.00006654]
 [ 0.00020022 -0.00012544 -0.00003919]
 [-0.00018397  0.00006335  0.00001142]]
2022-09-27:17:47:29,174 INFO     [psi4.driver.task_planner:266] PLANNING Atomic:  keywords={'CART_HESS_READ': 0, 'SCF__GUESS': 'READ', 'SCF__INTS_TOLERANCE': 1e-12, 'function_kwargs': {}}
2022-09-27:17:47:29,177 INFO     [psi4.driver.driver:617] Compute gradient(): method=scf, basis=cc-pvdz, molecule=default, nre=204.311556499605
2022-09-27:17:47:31,912 INFO     [psi4.driver.driver:620] Return gradient(): -230.72191978044793
2022-09-27:17:47:31,912 INFO     [psi4.driver.driver:621] [[ 0.00014635  0.00011864  0.00007065]
 [ 0.00003013 -0.00030639 -0.00014211]
 [ 0.00027339  0.00096671  0.00048565]
 [ 0.0009608  -0.00071178 -0.00024046]
 [-0.00227941  0.0014108   0.00043785]
 [ 0.00084686 -0.00145175 -0.0006014 ]
 [-0.00000466  0.00001113  0.00000473]
 [ 0.00002537  0.00005671  0.00002946]
 [ 0.00001517 -0.00005326 -0.00002374]
 [-0.00001635 -0.00000576 -0.00000432]
 [ 0.00007547 -0.0000614  -0.00002141]
 [-0.00007312  0.00002635  0.00000511]]
2022-09-27:17:47:31,966 INFO     [psi4.driver.task_planner:266] PLANNING Atomic:  keywords={'CART_HESS_READ': 0, 'SCF__GUESS': 'READ', 'SCF__INTS_TOLERANCE': 1e-12, 'function_kwargs': {}}
2022-09-27:17:47:31,969 INFO     [psi4.driver.driver:617] Compute gradient(): method=scf, basis=cc-pvdz, molecule=default, nre=204.30931792334997
2022-09-27:17:47:34,429 INFO     [psi4.driver.driver:620] Return gradient(): -230.72192480852027
2022-09-27:17:47:34,429 INFO     [psi4.driver.driver:621] [[ 0.00012228  0.00008199  0.00005132]
 [-0.00027081  0.00026403  0.00009756]
 [ 0.00027367 -0.00006056 -0.00000101]
 [ 0.00048152 -0.00023659 -0.00006344]
 [-0.00088256  0.00048886  0.00014248]
 [ 0.00026676 -0.00053032 -0.00022428]
 [-0.00000259 -0.00000161 -0.00000103]
 [-0.00000497  0.0000016   0.00000025]
 [ 0.00000195 -0.00001587 -0.00000732]
 [-0.00001858  0.0000106   0.00000312]
 [ 0.00003319 -0.00002306 -0.00000756]
 [ 0.00000013  0.00002091  0.00000992]]
2022-09-27:17:47:34,476 INFO     [psi4.driver.task_planner:266] PLANNING Atomic:  keywords={'CART_HESS_READ': 0, 'SCF__GUESS': 'READ', 'SCF__INTS_TOLERANCE': 1e-12, 'function_kwargs': {}}
2022-09-27:17:47:34,478 INFO     [psi4.driver.driver:617] Compute gradient(): method=scf, basis=cc-pvdz, molecule=default, nre=204.3195909272838
2022-09-27:17:47:36,943 INFO     [psi4.driver.driver:620] Return gradient(): -230.7219256678478
2022-09-27:17:47:36,944 INFO     [psi4.driver.driver:621] [[ 0.00008785  0.00004554  0.00002913]
 [-0.00022467  0.00027172  0.00010661]
 [ 0.00009422 -0.00037051 -0.00016581]
 [ 0.00015382  0.00009948  0.00006218]
 [-0.00019131  0.00016659  0.00005927]
 [ 0.00007931 -0.00021399 -0.00009225]
 [-0.00000309 -0.00000538 -0.00000282]
 [ 0.00000188 -0.00001101 -0.00000495]
 [-0.00000163  0.00000702  0.00000312]
 [-0.0000066   0.00000496  0.00000183]
 [ 0.00000351 -0.00000032  0.00000021]
 [ 0.00000671  0.00000591  0.00000348]]
2022-09-27:17:58:40,15 INFO     [psi4.driver.task_planner:266] PLANNING Atomic:  keywords={'SCF__INTS_TOLERANCE': 1e-12, 'function_kwargs': {}}
2022-09-27:17:58:40,20 INFO     [psi4.driver.driver:499] Compute energy(): method=scf, basis=cc-pvdz, molecule=default, nre=416.91814434615196
2022-09-27:17:58:42,635 INFO     [psi4.driver.driver:502] Return energy(): -434.2111965382162
2022-09-27:18:00:41,284 INFO     [psi4.driver.task_planner:266] PLANNING Atomic:  keywords={'SCF__INTS_TOLERANCE': 1e-12, 'function_kwargs': {}}
2022-09-27:18:00:41,289 INFO     [psi4.driver.driver:499] Compute energy(): method=scf, basis=cc-pvdz, molecule=default, nre=416.91814434615196
2022-09-27:18:00:44,40 INFO     [psi4.driver.driver:502] Return energy(): -434.2111965382162
2022-09-27:18:04:00,359 INFO     [psi4.driver.task_planner:266] PLANNING Atomic:  keywords={'GEOM_MAXITER': 100, 'SCF__INTS_TOLERANCE': 1e-12, 'SCF__MAXITER': 500, 'function_kwargs': {}}
2022-09-27:18:04:00,364 INFO     [psi4.driver.driver:499] Compute energy(): method=scf, basis=cc-pvdz, molecule=default, nre=416.91814434615196
2022-09-27:18:04:03,128 INFO     [psi4.driver.driver:502] Return energy(): -434.2111965382161
2022-09-27:18:04:03,161 INFO     [psi4.driver.task_planner:266] PLANNING Atomic:  keywords={'GEOM_MAXITER': 100, 'SCF__INTS_TOLERANCE': 1e-12, 'SCF__MAXITER': 500, 'function_kwargs': {}}
2022-09-27:18:04:03,164 INFO     [psi4.driver.driver:617] Compute gradient(): method=scf, basis=cc-pvdz, molecule=default, nre=416.91814434615196
2022-09-27:18:04:08,252 INFO     [psi4.driver.driver:620] Return gradient(): -434.2111965452993
2022-09-27:18:04:08,253 INFO     [psi4.driver.driver:621] [[-0.00008577 -0.00003108  0.00001755]
 [ 0.00009112 -0.00004244 -0.00000575]
 [ 0.00000311  0.0000733   0.00003295]
 [-0.00007755 -0.00001482 -0.00001308]
 [ 0.00006182 -0.00002813 -0.00000926]
 [-0.00001074  0.00002084  0.00001392]
 [ 0.00015159  0.00005741 -0.00013155]
 [ 0.00000268 -0.00002677  0.00005042]
 [-0.00013316 -0.00001122  0.00004415]
 [-0.00000614  0.00001154  0.0000055 ]
 [-0.00001985 -0.00001298 -0.0000089 ]
 [ 0.00000744  0.00000228  0.00000157]
 [ 0.00001181  0.0000055   0.00000308]
 [ 0.00000363 -0.00000344 -0.00000059]]
2022-09-27:18:04:08,311 INFO     [psi4.driver.task_planner:266] PLANNING Atomic:  keywords={'CART_HESS_READ': 0, 'GEOM_MAXITER': 100, 'SCF__GUESS': 'READ', 'SCF__INTS_TOLERANCE': 1e-12, 'SCF__MAXITER': 500, 'function_kwargs': {}}
2022-09-27:18:04:08,314 INFO     [psi4.driver.driver:617] Compute gradient(): method=scf, basis=cc-pvdz, molecule=default, nre=416.9127054041784
2022-09-27:18:04:12,869 INFO     [psi4.driver.driver:620] Return gradient(): -434.21110711061453
2022-09-27:18:04:12,870 INFO     [psi4.driver.driver:621] [[ 0.00009828  0.00072991 -0.00154542]
 [ 0.00006038  0.00006614 -0.00018607]
 [-0.00000314 -0.0000003   0.00009147]
 [-0.00002957 -0.00000992 -0.00002672]
 [ 0.00001935 -0.00005373  0.00006832]
 [ 0.00002369  0.00012607 -0.00016118]
 [-0.00049411 -0.00317263  0.00631731]
 [ 0.00026765  0.00121917 -0.00223599]
 [ 0.00006247  0.00110158 -0.0023127 ]
 [-0.0000046   0.00000446 -0.00001486]
 [ 0.00000218 -0.00001185  0.00001095]
 [ 0.00000406  0.00000052 -0.00000449]
 [-0.00000271 -0.00000774  0.0000124 ]
 [-0.00000392  0.00000831 -0.00001302]]
2022-09-27:18:04:12,914 INFO     [psi4.driver.task_planner:266] PLANNING Atomic:  keywords={'CART_HESS_READ': 0, 'GEOM_MAXITER': 100, 'SCF__GUESS': 'READ', 'SCF__INTS_TOLERANCE': 1e-12, 'SCF__MAXITER': 500, 'function_kwargs': {}}
2022-09-27:18:04:12,917 INFO     [psi4.driver.driver:617] Compute gradient(): method=scf, basis=cc-pvdz, molecule=default, nre=416.9076632645022
2022-09-27:18:04:17,397 INFO     [psi4.driver.driver:620] Return gradient(): -434.21119655243064
2022-09-27:18:04:17,398 INFO     [psi4.driver.driver:621] [[-0.00003047 -0.00003734 -0.00002193]
 [ 0.00003958 -0.00001981 -0.00000604]
 [ 0.00000239  0.00003263  0.00001618]
 [-0.00002962 -0.00001714 -0.00001324]
 [ 0.00002858 -0.0000178  -0.00000485]
 [ 0.00000709  0.00004081  0.00001935]
 [ 0.00017768 -0.00020668 -0.00007082]
 [ 0.00006379  0.00020578  0.00010054]
 [-0.00025501  0.00003021 -0.00001471]
 [-0.00000546 -0.00000308 -0.00000218]
 [ 0.00000368 -0.0000054  -0.00000178]
 [ 0.0000035  -0.00000169  0.00000019]
 [-0.0000017  -0.00000157 -0.00000058]
 [-0.00000403  0.00000107 -0.00000011]]
2022-09-27:18:16:23,717 INFO     [psi4.driver.task_planner:266] PLANNING Atomic:  keywords={'GEOM_MAXITER': 100, 'SCF__INTS_TOLERANCE': 1e-12, 'SCF__MAXITER': 500, 'function_kwargs': {}}
2022-09-27:18:16:23,726 INFO     [psi4.driver.driver:499] Compute energy(): method=scf, basis=cc-pvdz, molecule=default, nre=416.91814434615196
2022-09-27:18:16:26,631 INFO     [psi4.driver.driver:502] Return energy(): -434.21119653821614
2022-09-27:18:16:26,669 INFO     [psi4.driver.task_planner:266] PLANNING Atomic:  keywords={'GEOM_MAXITER': 100, 'SCF__INTS_TOLERANCE': 1e-12, 'SCF__MAXITER': 500, 'function_kwargs': {}}
2022-09-27:18:16:26,673 INFO     [psi4.driver.driver:617] Compute gradient(): method=scf, basis=cc-pvdz, molecule=default, nre=416.91814434615196
2022-09-27:18:16:32,460 INFO     [psi4.driver.driver:620] Return gradient(): -434.2111965452992
2022-09-27:18:16:32,461 INFO     [psi4.driver.driver:621] [[-0.00008577 -0.00003108  0.00001755]
 [ 0.00009112 -0.00004244 -0.00000575]
 [ 0.00000311  0.0000733   0.00003295]
 [-0.00007755 -0.00001482 -0.00001308]
 [ 0.00006182 -0.00002813 -0.00000926]
 [-0.00001074  0.00002084  0.00001392]
 [ 0.00015159  0.00005741 -0.00013155]
 [ 0.00000268 -0.00002677  0.00005042]
 [-0.00013316 -0.00001122  0.00004415]
 [-0.00000614  0.00001154  0.0000055 ]
 [-0.00001985 -0.00001298 -0.0000089 ]
 [ 0.00000744  0.00000228  0.00000157]
 [ 0.00001181  0.0000055   0.00000308]
 [ 0.00000363 -0.00000344 -0.00000059]]
2022-09-27:18:16:32,532 INFO     [psi4.driver.task_planner:266] PLANNING Atomic:  keywords={'CART_HESS_READ': 0, 'GEOM_MAXITER': 100, 'SCF__GUESS': 'READ', 'SCF__INTS_TOLERANCE': 1e-12, 'SCF__MAXITER': 500, 'function_kwargs': {}}
2022-09-27:18:16:32,536 INFO     [psi4.driver.driver:617] Compute gradient(): method=scf, basis=cc-pvdz, molecule=default, nre=416.912705052049
2022-09-27:18:16:37,690 INFO     [psi4.driver.driver:620] Return gradient(): -434.2111071109864
2022-09-27:18:16:37,691 INFO     [psi4.driver.driver:621] [[ 0.00009828  0.00072991 -0.00154542]
 [ 0.00006039  0.00006613 -0.00018607]
 [-0.00000314 -0.0000003   0.00009147]
 [-0.00002957 -0.00000991 -0.00002672]
 [ 0.00001935 -0.00005373  0.00006832]
 [ 0.00002369  0.00012606 -0.00016119]
 [-0.00049411 -0.00317262  0.00631731]
 [ 0.00026765  0.00121917 -0.00223599]
 [ 0.00006247  0.00110158 -0.0023127 ]
 [-0.00000461  0.00000446 -0.00001486]
 [ 0.00000217 -0.00001185  0.00001095]
 [ 0.00000405  0.00000053 -0.00000449]
 [-0.00000271 -0.00000773  0.0000124 ]
 [-0.00000392  0.00000831 -0.00001302]]
2022-09-27:18:16:37,741 INFO     [psi4.driver.task_planner:266] PLANNING Atomic:  keywords={'CART_HESS_READ': 0, 'GEOM_MAXITER': 100, 'SCF__GUESS': 'READ', 'SCF__INTS_TOLERANCE': 1e-12, 'SCF__MAXITER': 500, 'function_kwargs': {}}
2022-09-27:18:16:37,745 INFO     [psi4.driver.driver:617] Compute gradient(): method=scf, basis=cc-pvdz, molecule=default, nre=416.90766288750456
2022-09-27:18:16:43,60 INFO     [psi4.driver.driver:620] Return gradient(): -434.21119655285355
2022-09-27:18:16:43,64 INFO     [psi4.driver.driver:621] [[-0.00003047 -0.00003734 -0.00002193]
 [ 0.00003959 -0.00001982 -0.00000604]
 [ 0.00000239  0.00003263  0.00001618]
 [-0.00002962 -0.00001714 -0.00001324]
 [ 0.00002858 -0.0000178  -0.00000485]
 [ 0.00000709  0.00004081  0.00001935]
 [ 0.00017768 -0.00020668 -0.00007082]
 [ 0.00006379  0.00020578  0.00010054]
 [-0.00025501  0.00003021 -0.00001471]
 [-0.00000546 -0.00000308 -0.00000218]
 [ 0.00000367 -0.0000054  -0.00000178]
 [ 0.0000035  -0.00000169  0.00000019]
 [-0.0000017  -0.00000157 -0.00000058]
 [-0.00000403  0.00000107 -0.00000011]]
2022-09-27:18:17:19,807 INFO     [psi4.driver.task_planner:266] PLANNING Atomic:  keywords={'GEOM_MAXITER': 100, 'SCF__INTS_TOLERANCE': 1e-12, 'SCF__MAXITER': 500, 'function_kwargs': {}}
2022-09-27:18:17:19,815 INFO     [psi4.driver.driver:499] Compute energy(): method=scf, basis=cc-pvdz, molecule=default, nre=416.91814434615196
2022-09-27:18:17:22,626 INFO     [psi4.driver.driver:502] Return energy(): -434.21119653821546
2022-09-27:18:17:22,665 INFO     [psi4.driver.task_planner:266] PLANNING Atomic:  keywords={'GEOM_MAXITER': 100, 'SCF__INTS_TOLERANCE': 1e-12, 'SCF__MAXITER': 500, 'function_kwargs': {}}
2022-09-27:18:17:22,668 INFO     [psi4.driver.driver:617] Compute gradient(): method=scf, basis=cc-pvdz, molecule=default, nre=416.91814434615196
2022-09-27:18:17:29,53 INFO     [psi4.driver.driver:620] Return gradient(): -434.2111965452992
2022-09-27:18:17:29,54 INFO     [psi4.driver.driver:621] [[-0.00008577 -0.00003108  0.00001755]
 [ 0.00009112 -0.00004244 -0.00000575]
 [ 0.00000311  0.0000733   0.00003295]
 [-0.00007755 -0.00001482 -0.00001308]
 [ 0.00006182 -0.00002812 -0.00000926]
 [-0.00001074  0.00002084  0.00001392]
 [ 0.00015159  0.00005741 -0.00013155]
 [ 0.00000268 -0.00002677  0.00005042]
 [-0.00013315 -0.00001122  0.00004415]
 [-0.00000614  0.00001154  0.0000055 ]
 [-0.00001985 -0.00001298 -0.0000089 ]
 [ 0.00000744  0.00000228  0.00000157]
 [ 0.00001181  0.0000055   0.00000308]
 [ 0.00000363 -0.00000344 -0.00000059]]
2022-09-27:18:17:29,156 INFO     [psi4.driver.task_planner:266] PLANNING Atomic:  keywords={'CART_HESS_READ': 0, 'GEOM_MAXITER': 100, 'SCF__GUESS': 'READ', 'SCF__INTS_TOLERANCE': 1e-12, 'SCF__MAXITER': 500, 'function_kwargs': {}}
2022-09-27:18:17:29,163 INFO     [psi4.driver.driver:617] Compute gradient(): method=scf, basis=cc-pvdz, molecule=default, nre=416.9127047608917
2022-09-27:18:17:34,387 INFO     [psi4.driver.driver:620] Return gradient(): -434.2111071111383
2022-09-27:18:17:34,389 INFO     [psi4.driver.driver:621] [[ 0.00009828  0.00072991 -0.00154542]
 [ 0.00006037  0.00006614 -0.00018607]
 [-0.00000314 -0.00000031  0.00009146]
 [-0.00002957 -0.00000992 -0.00002672]
 [ 0.00001936 -0.00005373  0.00006832]
 [ 0.00002369  0.00012607 -0.00016118]
 [-0.00049411 -0.00317262  0.00631731]
 [ 0.00026765  0.00121917 -0.00223599]
 [ 0.00006247  0.00110158 -0.0023127 ]
 [-0.0000046   0.00000446 -0.00001486]
 [ 0.00000218 -0.00001185  0.00001095]
 [ 0.00000405  0.00000053 -0.00000449]
 [-0.00000271 -0.00000773  0.0000124 ]
 [-0.00000392  0.00000831 -0.00001302]]
2022-09-27:18:17:34,437 INFO     [psi4.driver.task_planner:266] PLANNING Atomic:  keywords={'CART_HESS_READ': 0, 'GEOM_MAXITER': 100, 'SCF__GUESS': 'READ', 'SCF__INTS_TOLERANCE': 1e-12, 'SCF__MAXITER': 500, 'function_kwargs': {}}
2022-09-27:18:17:34,441 INFO     [psi4.driver.driver:617] Compute gradient(): method=scf, basis=cc-pvdz, molecule=default, nre=416.9076625880423
2022-09-27:18:17:39,209 INFO     [psi4.driver.driver:620] Return gradient(): -434.2111965527388
2022-09-27:18:17:39,210 INFO     [psi4.driver.driver:621] [[-0.00003048 -0.00003733 -0.00002193]
 [ 0.00003959 -0.00001981 -0.00000604]
 [ 0.00000239  0.00003263  0.00001618]
 [-0.00002962 -0.00001714 -0.00001324]
 [ 0.00002858 -0.0000178  -0.00000485]
 [ 0.00000709  0.00004081  0.00001935]
 [ 0.00017768 -0.00020668 -0.00007082]
 [ 0.0000638   0.00020579  0.00010054]
 [-0.00025502  0.00003021 -0.00001472]
 [-0.00000545 -0.00000306 -0.00000218]
 [ 0.00000369 -0.0000054  -0.00000178]
 [ 0.0000035  -0.0000017   0.00000019]
 [-0.0000017  -0.00000158 -0.00000058]
 [-0.00000404  0.00000107 -0.00000011]]
2022-09-27:18:21:49,548 INFO     [psi4.driver.task_planner:266] PLANNING Atomic:  keywords={'GEOM_MAXITER': 100, 'SCF__INTS_TOLERANCE': 1e-12, 'SCF__MAXITER': 500, 'function_kwargs': {}}
2022-09-27:18:21:49,559 INFO     [psi4.driver.driver:499] Compute energy(): method=scf, basis=cc-pvdz, molecule=default, nre=416.91814434615196
2022-09-27:18:21:52,192 INFO     [psi4.driver.driver:502] Return energy(): -434.2111965382159
2022-09-27:18:21:52,226 INFO     [psi4.driver.task_planner:266] PLANNING Atomic:  keywords={'GEOM_MAXITER': 100, 'SCF__INTS_TOLERANCE': 1e-12, 'SCF__MAXITER': 500, 'function_kwargs': {}}
2022-09-27:18:21:52,229 INFO     [psi4.driver.driver:617] Compute gradient(): method=scf, basis=cc-pvdz, molecule=default, nre=416.91814434615196
2022-09-27:18:21:57,672 INFO     [psi4.driver.driver:620] Return gradient(): -434.2111965452995
2022-09-27:18:21:57,673 INFO     [psi4.driver.driver:621] [[-0.00008577 -0.00003108  0.00001755]
 [ 0.00009112 -0.00004244 -0.00000575]
 [ 0.00000311  0.0000733   0.00003295]
 [-0.00007755 -0.00001482 -0.00001308]
 [ 0.00006182 -0.00002812 -0.00000926]
 [-0.00001074  0.00002085  0.00001392]
 [ 0.00015159  0.00005741 -0.00013155]
 [ 0.00000268 -0.00002677  0.00005042]
 [-0.00013315 -0.00001122  0.00004415]
 [-0.00000614  0.00001153  0.0000055 ]
 [-0.00001985 -0.00001298 -0.0000089 ]
 [ 0.00000744  0.00000228  0.00000157]
 [ 0.00001181  0.0000055   0.00000308]
 [ 0.00000363 -0.00000344 -0.00000059]]
2022-09-27:18:21:57,747 INFO     [psi4.driver.task_planner:266] PLANNING Atomic:  keywords={'CART_HESS_READ': 0, 'GEOM_MAXITER': 100, 'SCF__GUESS': 'READ', 'SCF__INTS_TOLERANCE': 1e-12, 'SCF__MAXITER': 500, 'function_kwargs': {}}
2022-09-27:18:21:57,751 INFO     [psi4.driver.driver:617] Compute gradient(): method=scf, basis=cc-pvdz, molecule=default, nre=416.91270430967546
2022-09-27:18:22:02,735 INFO     [psi4.driver.driver:620] Return gradient(): -434.2111071107246
2022-09-27:18:22:02,736 INFO     [psi4.driver.driver:621] [[ 0.00009828  0.00072991 -0.00154542]
 [ 0.00006038  0.00006614 -0.00018607]
 [-0.00000314 -0.00000031  0.00009147]
 [-0.00002956 -0.00000992 -0.00002672]
 [ 0.00001935 -0.00005373  0.00006832]
 [ 0.00002369  0.00012607 -0.00016118]
 [-0.00049411 -0.00317263  0.00631732]
 [ 0.00026765  0.00121917 -0.00223599]
 [ 0.00006247  0.00110158 -0.0023127 ]
 [-0.0000046   0.00000447 -0.00001486]
 [ 0.00000218 -0.00001185  0.00001095]
 [ 0.00000405  0.00000052 -0.00000449]
 [-0.00000271 -0.00000773  0.0000124 ]
 [-0.00000392  0.00000831 -0.00001302]]
2022-09-27:18:22:02,783 INFO     [psi4.driver.task_planner:266] PLANNING Atomic:  keywords={'CART_HESS_READ': 0, 'GEOM_MAXITER': 100, 'SCF__GUESS': 'READ', 'SCF__INTS_TOLERANCE': 1e-12, 'SCF__MAXITER': 500, 'function_kwargs': {}}
2022-09-27:18:22:02,786 INFO     [psi4.driver.driver:617] Compute gradient(): method=scf, basis=cc-pvdz, molecule=default, nre=416.9076621530601
2022-09-27:18:22:07,405 INFO     [psi4.driver.driver:620] Return gradient(): -434.2111965529424
2022-09-27:18:22:07,406 INFO     [psi4.driver.driver:621] [[-0.00003047 -0.00003734 -0.00002193]
 [ 0.00003959 -0.00001981 -0.00000604]
 [ 0.00000239  0.00003263  0.00001618]
 [-0.00002962 -0.00001714 -0.00001324]
 [ 0.00002858 -0.0000178  -0.00000485]
 [ 0.00000709  0.00004081  0.00001935]
 [ 0.00017768 -0.00020668 -0.00007082]
 [ 0.0000638   0.00020579  0.00010054]
 [-0.00025502  0.00003021 -0.00001471]
 [-0.00000545 -0.00000307 -0.00000218]
 [ 0.00000368 -0.0000054  -0.00000178]
 [ 0.0000035  -0.0000017   0.00000019]
 [-0.0000017  -0.00000158 -0.00000058]
 [-0.00000404  0.00000107 -0.00000011]]
2022-09-27:18:26:52,180 INFO     [psi4.driver.task_planner:266] PLANNING Atomic:  keywords={'GEOM_MAXITER': 100, 'SCF__INTS_TOLERANCE': 1e-12, 'SCF__MAXITER': 500, 'function_kwargs': {}}
2022-09-27:18:26:52,187 INFO     [psi4.driver.driver:499] Compute energy(): method=scf, basis=cc-pvdz, molecule=default, nre=416.91814434615196
2022-09-27:18:26:55,176 INFO     [psi4.driver.driver:502] Return energy(): -434.2111965382162
2022-09-27:18:26:55,235 INFO     [psi4.driver.task_planner:266] PLANNING Atomic:  keywords={'GEOM_MAXITER': 100, 'SCF__INTS_TOLERANCE': 1e-12, 'SCF__MAXITER': 500, 'function_kwargs': {}}
2022-09-27:18:26:55,239 INFO     [psi4.driver.driver:617] Compute gradient(): method=scf, basis=cc-pvdz, molecule=default, nre=416.91814434615196
2022-09-27:18:27:01,217 INFO     [psi4.driver.driver:620] Return gradient(): -434.2111965452996
2022-09-27:18:27:01,218 INFO     [psi4.driver.driver:621] [[-0.00008577 -0.00003108  0.00001755]
 [ 0.00009112 -0.00004244 -0.00000575]
 [ 0.00000311  0.0000733   0.00003295]
 [-0.00007755 -0.00001482 -0.00001308]
 [ 0.00006182 -0.00002813 -0.00000926]
 [-0.00001074  0.00002084  0.00001392]
 [ 0.00015159  0.00005741 -0.00013155]
 [ 0.00000268 -0.00002677  0.00005042]
 [-0.00013316 -0.00001122  0.00004415]
 [-0.00000614  0.00001154  0.0000055 ]
 [-0.00001985 -0.00001298 -0.0000089 ]
 [ 0.00000744  0.00000228  0.00000157]
 [ 0.00001181  0.0000055   0.00000308]
 [ 0.00000363 -0.00000344 -0.00000059]]
2022-09-27:18:27:01,279 INFO     [psi4.driver.task_planner:266] PLANNING Atomic:  keywords={'CART_HESS_READ': 0, 'GEOM_MAXITER': 100, 'SCF__GUESS': 'READ', 'SCF__INTS_TOLERANCE': 1e-12, 'SCF__MAXITER': 500, 'function_kwargs': {}}
2022-09-27:18:27:01,283 INFO     [psi4.driver.driver:617] Compute gradient(): method=scf, basis=cc-pvdz, molecule=default, nre=416.91270470112846
2022-09-27:18:27:06,76 INFO     [psi4.driver.driver:620] Return gradient(): -434.21110711114056
2022-09-27:18:27:06,77 INFO     [psi4.driver.driver:621] [[ 0.00009829  0.00072991 -0.00154542]
 [ 0.00006037  0.00006614 -0.00018607]
 [-0.00000314 -0.0000003   0.00009147]
 [-0.00002957 -0.00000992 -0.00002672]
 [ 0.00001935 -0.00005373  0.00006832]
 [ 0.00002369  0.00012607 -0.00016118]
 [-0.00049411 -0.00317263  0.00631732]
 [ 0.00026765  0.00121917 -0.00223599]
 [ 0.00006247  0.00110158 -0.0023127 ]
 [-0.0000046   0.00000446 -0.00001486]
 [ 0.00000218 -0.00001185  0.00001095]
 [ 0.00000406  0.00000052 -0.00000449]
 [-0.00000271 -0.00000774  0.0000124 ]
 [-0.00000392  0.00000831 -0.00001302]]
2022-09-27:18:27:06,130 INFO     [psi4.driver.task_planner:266] PLANNING Atomic:  keywords={'CART_HESS_READ': 0, 'GEOM_MAXITER': 100, 'SCF__GUESS': 'READ', 'SCF__INTS_TOLERANCE': 1e-12, 'SCF__MAXITER': 500, 'function_kwargs': {}}
2022-09-27:18:27:06,133 INFO     [psi4.driver.driver:617] Compute gradient(): method=scf, basis=cc-pvdz, molecule=default, nre=416.90766254254663
2022-09-27:18:27:11,88 INFO     [psi4.driver.driver:620] Return gradient(): -434.21119655238266
2022-09-27:18:27:11,89 INFO     [psi4.driver.driver:621] [[-0.00003047 -0.00003734 -0.00002193]
 [ 0.00003959 -0.00001981 -0.00000604]
 [ 0.00000239  0.00003263  0.00001618]
 [-0.00002962 -0.00001714 -0.00001324]
 [ 0.00002858 -0.0000178  -0.00000485]
 [ 0.00000709  0.00004081  0.00001935]
 [ 0.00017768 -0.00020668 -0.00007082]
 [ 0.00006379  0.00020578  0.00010054]
 [-0.00025502  0.00003021 -0.00001471]
 [-0.00000546 -0.00000308 -0.00000218]
 [ 0.00000368 -0.0000054  -0.00000178]
 [ 0.0000035  -0.00000169  0.00000019]
 [-0.0000017  -0.00000158 -0.00000058]
 [-0.00000404  0.00000107 -0.00000011]]
